{"uuid":"37c4dde4-311d-4ee0-9fed-af82b9f77a34","historyId":"ca6c382bad6a26a88cc48164c86c539f","fullName":"com.NhiChung.Selenium.UITesting.Test.TestStaysTab.BookingCheck","labels":[{"name":"package","value":"com.NhiChung.Selenium.UITesting.Test.TestStaysTab"},{"name":"testClass","value":"com.NhiChung.Selenium.UITesting.Test.TestStaysTab"},{"name":"testMethod","value":"BookingCheck"},{"name":"parentSuite","value":"Default Suite"},{"name":"suite","value":"TestBookingWeb"},{"name":"subSuite","value":"com.NhiChung.Selenium.UITesting.Test.TestStaysTab"},{"name":"host","value":"EPVNHOCW0169"},{"name":"thread","value":"7312@EPVNHOCW0169.main(1)"},{"name":"framework","value":"testng"},{"name":"language","value":"java"},{"name":"severity","value":"blocker"}],"links":[],"name":"Search a normal test and get relative results","status":"failed","statusDetails":{"known":false,"muted":false,"flaky":false,"message":"Element not found {By.xpath: //*[@data-modal-id=\"language-selection\"]}\r\nExpected: visible or transparent: visible or have css value opacity=0\r\nPage source: file:/C:/Users/Nhi_Chung/Desktop/selenium/project/NhiChung_repo/test-result/reports/1637846916662.0.html\r\nTimeout: 4 s.\r\nCaused by: NoSuchSessionException: Tried to run command without establishing a connection","trace":"Element not found {By.xpath: //*[@data-modal-id=\"language-selection\"]}\r\nExpected: visible or transparent: visible or have css value opacity=0\r\nPage source: file:/C:/Users/Nhi_Chung/Desktop/selenium/project/NhiChung_repo/test-result/reports/1637846916662.0.html\r\nTimeout: 4 s.\r\nCaused by: NoSuchSessionException: Tried to run command without establishing a connection\r\n\tat com.codeborne.selenide.impl.WebElementSource.createElementNotFoundError(WebElementSource.java:85)\r\n\tat com.codeborne.selenide.impl.ElementFinder.createElementNotFoundError(ElementFinder.java:122)\r\n\tat com.codeborne.selenide.impl.WebElementSource.checkCondition(WebElementSource.java:121)\r\n\tat com.codeborne.selenide.impl.WebElementSource.findAndAssertElementIsInteractable(WebElementSource.java:144)\r\n\tat com.codeborne.selenide.commands.Click.execute(Click.java:24)\r\n\tat com.codeborne.selenide.commands.Click.execute(Click.java:16)\r\n\tat com.codeborne.selenide.commands.Commands.execute(Commands.java:155)\r\n\tat com.codeborne.selenide.impl.SelenideElementProxy.dispatchAndRetry(SelenideElementProxy.java:131)\r\n\tat com.codeborne.selenide.impl.SelenideElementProxy.invoke(SelenideElementProxy.java:83)\r\n\tat com.sun.proxy.$Proxy16.click(Unknown Source)\r\n\tat com.NhiChung.PageObject.BookingHomePage.chooseLanguage(BookingHomePage.java:28)\r\n\tat com.NhiChung.Selenium.UITesting.Test.TestStaysTab.BookingCheck(TestStaysTab.java:19)\r\n\tat sun.reflect.NativeMethodAccessorImpl.invoke0(Native Method)\r\n\tat sun.reflect.NativeMethodAccessorImpl.invoke(NativeMethodAccessorImpl.java:62)\r\n\tat sun.reflect.DelegatingMethodAccessorImpl.invoke(DelegatingMethodAccessorImpl.java:43)\r\n\tat java.lang.reflect.Method.invoke(Method.java:498)\r\n\tat org.testng.internal.MethodInvocationHelper.invokeMethod(MethodInvocationHelper.java:133)\r\n\tat org.testng.internal.TestInvoker.invokeMethod(TestInvoker.java:598)\r\n\tat org.testng.internal.TestInvoker.invokeTestMethod(TestInvoker.java:173)\r\n\tat org.testng.internal.MethodRunner.runInSequence(MethodRunner.java:46)\r\n\tat org.testng.internal.TestInvoker$MethodInvocationAgent.invoke(TestInvoker.java:824)\r\n\tat org.testng.internal.TestInvoker.invokeTestMethods(TestInvoker.java:146)\r\n\tat org.testng.internal.TestMethodWorker.invokeTestMethods(TestMethodWorker.java:146)\r\n\tat org.testng.internal.TestMethodWorker.run(TestMethodWorker.java:128)\r\n\tat java.util.ArrayList.forEach(ArrayList.java:1257)\r\n\tat org.testng.TestRunner.privateRun(TestRunner.java:794)\r\n\tat org.testng.TestRunner.run(TestRunner.java:596)\r\n\tat org.testng.SuiteRunner.runTest(SuiteRunner.java:377)\r\n\tat org.testng.SuiteRunner.runSequentially(SuiteRunner.java:371)\r\n\tat org.testng.SuiteRunner.privateRun(SuiteRunner.java:332)\r\n\tat org.testng.SuiteRunner.run(SuiteRunner.java:276)\r\n\tat org.testng.SuiteRunnerWorker.runSuite(SuiteRunnerWorker.java:53)\r\n\tat org.testng.SuiteRunnerWorker.run(SuiteRunnerWorker.java:96)\r\n\tat org.testng.TestNG.runSuitesSequentially(TestNG.java:1212)\r\n\tat org.testng.TestNG.runSuitesLocally(TestNG.java:1134)\r\n\tat org.testng.TestNG.runSuites(TestNG.java:1063)\r\n\tat org.testng.TestNG.run(TestNG.java:1031)\r\n\tat com.intellij.rt.testng.IDEARemoteTestNG.run(IDEARemoteTestNG.java:66)\r\n\tat com.intellij.rt.testng.RemoteTestNGStarter.main(RemoteTestNGStarter.java:109)\r\nCaused by: org.openqa.selenium.NoSuchSessionException: Tried to run command without establishing a connection\nBuild info: version: '4.0.0', revision: '3a21814679'\nSystem info: host: 'EPVNHOCW0169', ip: '192.168.0.18', os.name: 'Windows 10', os.arch: 'amd64', os.version: '10.0', java.version: '1.8.0_202'\nDriver info: org.openqa.selenium.firefox.FirefoxDriver\nCommand: [afaa408d-be68-49ad-8ec0-a3cfdd6bd545, findElement {using=xpath, value=//*[@data-modal-id=\"language-selection\"]}]\nCapabilities {acceptInsecureCerts: true, browserName: firefox, browserVersion: 94.0.2, javascriptEnabled: true, moz:accessibilityChecks: false, moz:buildID: 20211119140621, moz:debuggerAddress: localhost:53736, moz:geckodriverVersion: 0.30.0, moz:headless: false, moz:processID: 17004, moz:profile: C:\\Users\\Nhi_Chung\\AppData\\..., moz:shutdownTimeout: 60000, moz:useNonSpecCompliantPointerOrigin: false, moz:webdriverClick: true, pageLoadStrategy: normal, platform: WINDOWS, platformName: WINDOWS, platformVersion: 10.0, proxy: Proxy(), se:cdp: ws://localhost:53736/devtoo..., se:cdpVersion: 85, setWindowRect: true, strictFileInteractability: false, timeouts: {implicit: 0, pageLoad: 300000, script: 30000}, unhandledPromptBehavior: dismiss and notify}\nSession ID: afaa408d-be68-49ad-8ec0-a3cfdd6bd545\r\n\tat sun.reflect.NativeConstructorAccessorImpl.newInstance0(Native Method)\r\n\tat sun.reflect.NativeConstructorAccessorImpl.newInstance(NativeConstructorAccessorImpl.java:62)\r\n\tat sun.reflect.DelegatingConstructorAccessorImpl.newInstance(DelegatingConstructorAccessorImpl.java:45)\r\n\tat java.lang.reflect.Constructor.newInstance(Constructor.java:423)\r\n\tat org.openqa.selenium.remote.codec.w3c.W3CHttpResponseCodec.createException(W3CHttpResponseCodec.java:200)\r\n\tat org.openqa.selenium.remote.codec.w3c.W3CHttpResponseCodec.decode(W3CHttpResponseCodec.java:133)\r\n\tat org.openqa.selenium.remote.codec.w3c.W3CHttpResponseCodec.decode(W3CHttpResponseCodec.java:53)\r\n\tat org.openqa.selenium.remote.HttpCommandExecutor.execute(HttpCommandExecutor.java:184)\r\n\tat org.openqa.selenium.remote.service.DriverCommandExecutor.invokeExecute(DriverCommandExecutor.java:164)\r\n\tat org.openqa.selenium.remote.service.DriverCommandExecutor.execute(DriverCommandExecutor.java:139)\r\n\tat org.openqa.selenium.remote.RemoteWebDriver.execute(RemoteWebDriver.java:559)\r\n\tat org.openqa.selenium.remote.ElementLocation$ElementFinder$2.findElement(ElementLocation.java:162)\r\n\tat org.openqa.selenium.remote.ElementLocation.findElement(ElementLocation.java:60)\r\n\tat org.openqa.selenium.remote.RemoteWebDriver.findElement(RemoteWebDriver.java:383)\r\n\tat org.openqa.selenium.remote.RemoteWebDriver.findElement(RemoteWebDriver.java:375)\r\n\tat com.codeborne.selenide.impl.WebElementSelector.findElement(WebElementSelector.java:70)\r\n\tat com.codeborne.selenide.impl.WebElementSelector.findElement(WebElementSelector.java:44)\r\n\tat com.codeborne.selenide.impl.WebElementSelector.findElement(WebElementSelector.java:33)\r\n\tat com.codeborne.selenide.impl.ElementFinder.getWebElement(ElementFinder.java:102)\r\n\tat com.codeborne.selenide.impl.WebElementSource.checkCondition(WebElementSource.java:102)\r\n\t... 36 more\r\n"},"stage":"finished","description":"Test Description: search with valid input","steps":[],"attachments":[],"parameters":[{"name":"arg3","value":"15"},{"name":"arg2","value":"13"},{"name":"arg5","value":"Hanoi"},{"name":"arg4","value":"2"},{"name":"arg1","value":"February"},{"name":"arg0","value":"Hanoi"}],"start":1637846912272,"stop":1637846916730}